<?xml version="1.0" encoding="UTF-8"?>
<!-- Generated by org.testng.reporters.JUnitReportReporter -->
<testsuite hostname="RithikaRahul" failures="0" tests="1" name="testngpkg.Copypaste" time="0.622" errors="0" timestamp="2023-11-14T11:45:53 IST" skipped="0">
  <testcase classname="testngpkg.Copypaste" name="redifftst" time="0.622"/>
  <system-out/>
</testsuite> <!-- testngpkg.Copypaste -->
