<?xml version="1.0" encoding="UTF-8"?>
<!-- Generated by org.testng.reporters.JUnitReportReporter -->
<testsuite hostname="RithikaRahul" failures="0" tests="1" name="testng.Draganddrop" time="1.297" errors="0" timestamp="2023-11-20T20:03:02 IST" skipped="0">
  <testcase classname="testng.Draganddrop" name="gtst" time="1.297"/>
  <system-out/>
</testsuite> <!-- testng.Draganddrop -->
