<?xml version="1.0" encoding="UTF-8"?>
<!-- Generated by org.testng.reporters.JUnitReportReporter -->
<testsuite hostname="RithikaRahul" failures="0" tests="2" name="testng.Gurudemo" time="9.602" errors="0" timestamp="2023-11-21T10:56:22 IST" skipped="0">
  <testcase classname="testng.Gurudemo" name="test1" time="3.359"/>
  <system-out/>
  <testcase classname="testng.Gurudemo" name="test2" time="6.243"/>
  <system-out/>
</testsuite> <!-- testng.Gurudemo -->
