<?xml version="1.0" encoding="UTF-8"?>
<!-- Generated by org.testng.reporters.JUnitReportReporter -->
<testsuite hostname="RithikaRahul" failures="0" tests="1" name="testNgpkg.Logocheck" time="3.822" errors="0" timestamp="2023-11-21T13:34:22 IST" skipped="0">
  <testcase classname="testNgpkg.Logocheck" name="logocheck" time="3.822"/>
  <system-out/>
</testsuite> <!-- testNgpkg.Logocheck -->
