<?xml version="1.0" encoding="UTF-8"?>
<!-- Generated by org.testng.reporters.JUnitReportReporter -->
<testsuite hostname="RithikaRahul" failures="0" tests="1" name="testNgpkg.Fileuploadauto" time="20.077" errors="0" timestamp="2023-11-21T13:25:14 IST" skipped="0">
  <testcase classname="testNgpkg.Fileuploadauto" name="test" time="20.077"/>
  <system-out/>
</testsuite> <!-- testNgpkg.Fileuploadauto -->
