<?xml version="1.0" encoding="UTF-8"?>
<!-- Generated by org.testng.reporters.JUnitReportReporter -->
<testsuite hostname="RithikaRahul" failures="0" tests="3" name="testngpkg.Testingdemo" time="0.015" errors="0" timestamp="2023-11-13T11:36:25 IST" skipped="0">
  <testcase classname="testngpkg.Testingdemo" name="test3" time="0.001"/>
  <system-out/>
  <testcase classname="testngpkg.Testingdemo" name="test2" time="0.012"/>
  <system-out/>
  <testcase classname="testngpkg.Testingdemo" name="test5" time="0.002"/>
  <system-out/>
</testsuite> <!-- testngpkg.Testingdemo -->
