<?xml version="1.0" encoding="UTF-8"?>
<!-- Generated by org.testng.reporters.JUnitReportReporter -->
<testsuite hostname="RithikaRahul" failures="0" tests="2" name="testng.Testingdemo" time="8.457" errors="0" timestamp="2023-11-20T20:30:36 IST" skipped="0">
  <testcase classname="testng.Testingdemo" name="test1" time="3.749"/>
  <system-out/>
  <testcase classname="testng.Testingdemo" name="test2" time="4.708"/>
  <system-out/>
</testsuite> <!-- testng.Testingdemo -->
