<?xml version="1.0" encoding="UTF-8"?>
<!-- Generated by org.testng.reporters.JUnitReportReporter -->
<testsuite hostname="RithikaRahul" failures="0" tests="2" name="testNgpkg.Automationtest" time="9.794" errors="0" timestamp="2023-11-21T12:54:51 IST" skipped="0">
  <testcase classname="testNgpkg.Automationtest" name="logintest" time="3.116"/>
  <system-out/>
  <testcase classname="testNgpkg.Automationtest" name="autotst" time="6.678"/>
  <system-out/>
</testsuite> <!-- testNgpkg.Automationtest -->
