<?xml version="1.0" encoding="UTF-8"?>
<!-- Generated by org.testng.reporters.JUnitReportReporter -->
<testsuite hostname="RithikaRahul" failures="0" tests="3" name="testng.Testngdemo" time="3.457" errors="0" timestamp="2023-11-20T20:47:08 IST" skipped="0">
  <testcase classname="testng.Testngdemo" name="test2" time="0.574"/>
  <system-out/>
  <testcase classname="testng.Testngdemo" name="test1" time="0.567"/>
  <system-out/>
  <testcase classname="testng.Testngdemo" name="test1" time="2.316"/>
  <system-out/>
</testsuite> <!-- testng.Testngdemo -->
