<?xml version="1.0" encoding="UTF-8"?>
<!-- Generated by org.testng.reporters.JUnitReportReporter -->
<testsuite hostname="RithikaRahul" failures="0" tests="1" name="testNgpkg.DragandDrop" time="1.416" errors="0" timestamp="2023-11-21T13:14:33 IST" skipped="0">
  <testcase classname="testNgpkg.DragandDrop" name="gurutest" time="1.416"/>
  <system-out/>
</testsuite> <!-- testNgpkg.DragandDrop -->
