<?xml version="1.0" encoding="UTF-8"?>
<!-- Generated by org.testng.reporters.JUnitReportReporter -->
<testsuite hostname="RithikaRahul" failures="0" tests="1" name="testNgpkg.Datadriventest" time="3.264" errors="0" timestamp="2023-11-22T12:36:22 IST" skipped="0">
  <testcase classname="testNgpkg.Datadriventest" name="test" time="3.264"/>
  <system-out/>
</testsuite> <!-- testNgpkg.Datadriventest -->
