<?xml version="1.0" encoding="UTF-8"?>
<!-- Generated by org.testng.reporters.JUnitReportReporter -->
<testsuite hostname="RithikaRahul" failures="0" tests="1" name="testng.Fileupload" time="0.356" errors="0" timestamp="2023-11-20T19:14:34 IST" skipped="0">
  <testcase classname="testng.Fileupload" name="test" time="0.356"/>
  <system-out/>
</testsuite> <!-- testng.Fileupload -->
