<?xml version="1.0" encoding="UTF-8"?>
<!-- Generated by org.testng.reporters.JUnitReportReporter -->
<testsuite hostname="RithikaRahul" failures="0" tests="1" name="testNgpkg.Amazonhandles" time="13.950" errors="0" timestamp="2023-11-23T14:50:24 IST" skipped="0">
  <testcase classname="testNgpkg.Amazonhandles" name="test" time="13.950"/>
  <system-out/>
</testsuite> <!-- testNgpkg.Amazonhandles -->
