<?xml version="1.0" encoding="UTF-8"?>
<!-- Generated by org.testng.reporters.JUnitReportReporter -->
<testsuite hostname="RithikaRahul" failures="0" tests="1" name="testNgpkg.Assertionpgm" time="0.017" errors="0" timestamp="2023-11-24T11:39:10 IST" skipped="0">
  <testcase classname="testNgpkg.Assertionpgm" name="test" time="0.017"/>
  <system-out/>
</testsuite> <!-- testNgpkg.Assertionpgm -->
