<?xml version="1.0" encoding="UTF-8"?>
<!-- Generated by org.testng.reporters.JUnitReportReporter -->
<testsuite hostname="RithikaRahul" failures="0" tests="1" name="test.Fbcreatepagetest" time="2.249" errors="0" timestamp="2023-11-27T21:28:00 IST" skipped="0">
  <testcase classname="test.Fbcreatepagetest" name="testcreatepage" time="2.249"/>
  <system-out/>
</testsuite> <!-- test.Fbcreatepagetest -->
