<?xml version="1.0" encoding="UTF-8"?>
<!-- Generated by org.testng.reporters.JUnitReportReporter -->
<testsuite hostname="RithikaRahul" failures="0" tests="1" name="test.Fblogintest" time="0.339" errors="0" timestamp="2023-11-29T11:39:33 IST" skipped="0">
  <testcase classname="test.Fblogintest" name="testlogin" time="0.339"/>
  <system-out/>
</testsuite> <!-- test.Fblogintest -->
