<?xml version="1.0" encoding="UTF-8"?>
<!-- Generated by org.testng.reporters.JUnitReportReporter -->
<testsuite hostname="RithikaRahul" failures="0" tests="1" name="testng.Rediffpgm" time="0.536" errors="0" timestamp="2023-11-20T19:48:19 IST" skipped="0">
  <testcase classname="testng.Rediffpgm" name="test" time="0.536"/>
  <system-out/>
</testsuite> <!-- testng.Rediffpgm -->
