<?xml version="1.0" encoding="UTF-8"?>
<!-- Generated by org.testng.reporters.JUnitReportReporter -->
<testsuite hostname="RithikaRahul" failures="0" tests="1" name="testNgpkg.Fileupload" time="0.389" errors="0" timestamp="2023-11-21T13:23:35 IST" skipped="0">
  <testcase classname="testNgpkg.Fileupload" name="test" time="0.389"/>
  <system-out/>
</testsuite> <!-- testNgpkg.Fileupload -->
