<?xml version="1.0" encoding="UTF-8"?>
<!-- Generated by org.testng.reporters.JUnitReportReporter -->
<testsuite hostname="RithikaRahul" failures="0" tests="1" name="testng.Fileuploadauto" time="8.115" errors="0" timestamp="2023-11-20T22:11:08 IST" skipped="0">
  <testcase classname="testng.Fileuploadauto" name="test" time="8.115"/>
  <system-out/>
</testsuite> <!-- testng.Fileuploadauto -->
