<?xml version="1.0" encoding="UTF-8"?>
<!-- Generated by org.testng.reporters.JUnitReportReporter -->
<testsuite hostname="RithikaRahul" failures="0" tests="1" name="testNgpkg.Parameterizationpgm" time="0.007" errors="0" timestamp="2023-11-21T13:47:08 IST" skipped="0">
  <testcase classname="testNgpkg.Parameterizationpgm" name="test1" time="0.007"/>
  <system-out/>
</testsuite> <!-- testNgpkg.Parameterizationpgm -->
