<?xml version="1.0" encoding="UTF-8"?>
<!-- Generated by org.testng.reporters.JUnitReportReporter -->
<testsuite hostname="RithikaRahul" failures="0" tests="1" name="testng.Screenshotpgm" time="0.550" errors="0" timestamp="2023-11-21T12:33:53 IST" skipped="0">
  <testcase classname="testng.Screenshotpgm" name="test" time="0.550"/>
  <system-out/>
</testsuite> <!-- testng.Screenshotpgm -->
