<?xml version="1.0" encoding="UTF-8"?>
<!-- Generated by org.testng.reporters.JUnitReportReporter -->
<testsuite hostname="RithikaRahul" failures="0" tests="2" name="testNgpkg.Testngdemo" time="0.011" errors="0" timestamp="2023-11-22T10:57:33 IST" skipped="0">
  <testcase classname="testNgpkg.Testngdemo" name="test5" time="0.001"/>
  <system-out/>
  <testcase classname="testNgpkg.Testngdemo" name="test4" time="0.010"/>
  <system-out/>
</testsuite> <!-- testNgpkg.Testngdemo -->
