<?xml version="1.0" encoding="UTF-8"?>
<!-- Generated by org.testng.reporters.JUnitReportReporter -->
<testsuite hostname="RithikaRahul" failures="0" tests="3" name="testngpkg.Testing2demo" time="115.909" errors="0" timestamp="2023-11-10T12:44:18 IST" skipped="0">
  <testcase classname="testngpkg.Testing2demo" name="test2" time="23.842"/>
  <system-out/>
  <testcase classname="testngpkg.Testing2demo" name="test1" time="66.384"/>
  <system-out/>
  <testcase classname="testngpkg.Testing2demo" name="test1" time="25.683"/>
  <system-out/>
</testsuite> <!-- testngpkg.Testing2demo -->
