<?xml version="1.0" encoding="UTF-8"?>
<!-- Generated by org.testng.reporters.JUnitReportReporter -->
<testsuite hostname="RithikaRahul" failures="0" tests="1" name="testNgpkg.Copyandpaste" time="0.621" errors="0" timestamp="2023-11-21T12:57:13 IST" skipped="0">
  <testcase classname="testNgpkg.Copyandpaste" name="test" time="0.621"/>
  <system-out/>
</testsuite> <!-- testNgpkg.Copyandpaste -->
