<?xml version="1.0" encoding="UTF-8"?>
<!-- Generated by org.testng.reporters.JUnitReportReporter -->
<testsuite hostname="RithikaRahul" failures="0" tests="1" name="testNgpkg.Windowhandlepgm" time="2.416" errors="0" timestamp="2023-11-23T11:59:01 IST" skipped="0">
  <testcase classname="testNgpkg.Windowhandlepgm" name="test" time="2.416"/>
  <system-out/>
</testsuite> <!-- testNgpkg.Windowhandlepgm -->
