<?xml version="1.0" encoding="UTF-8"?>
<!-- Generated by org.testng.reporters.JUnitReportReporter -->
<testsuite hostname="RithikaRahul" failures="0" tests="1" name="testng.FileuploadRobot" time="4.359" errors="0" timestamp="2023-11-20T17:39:39 IST" skipped="0">
  <testcase classname="testng.FileuploadRobot" name="test" time="4.359"/>
  <system-out/>
</testsuite> <!-- testng.FileuploadRobot -->
