<?xml version="1.0" encoding="UTF-8"?>
<!-- Generated by org.testng.reporters.JUnitReportReporter -->
<testsuite hostname="RithikaRahul" failures="0" tests="1" name="testngpkg.Fileuploadpgm" time="0.228" errors="0" timestamp="2023-11-17T12:40:03 IST" skipped="0">
  <testcase classname="testngpkg.Fileuploadpgm" name="test" time="0.228"/>
  <system-out/>
</testsuite> <!-- testngpkg.Fileuploadpgm -->
