<?xml version="1.0" encoding="UTF-8"?>
<!-- Generated by org.testng.reporters.JUnitReportReporter -->
<testsuite hostname="RithikaRahul" failures="0" tests="1" name="testngpkg.Parameterisation" time="0.010" errors="0" timestamp="2023-11-13T12:10:49 IST" skipped="0">
  <testcase classname="testngpkg.Parameterisation" name="test1" time="0.010"/>
  <system-out/>
</testsuite> <!-- testngpkg.Parameterisation -->
