<?xml version="1.0" encoding="UTF-8"?>
<!-- Generated by org.testng.reporters.JUnitReportReporter -->
<testsuite hostname="RithikaRahul" failures="0" tests="1" name="testNgpkg.Blocknotification" time="3.647" errors="0" timestamp="2023-11-21T13:07:52 IST" skipped="0">
  <testcase classname="testNgpkg.Blocknotification" name="test" time="3.647"/>
  <system-out/>
</testsuite> <!-- testNgpkg.Blocknotification -->
