<?xml version="1.0" encoding="UTF-8"?>
<!-- Generated by org.testng.reporters.JUnitReportReporter -->
<testsuite hostname="RithikaRahul" failures="0" tests="1" name="testNgpkg.Facebooklogin" time="0.335" errors="0" timestamp="2023-11-22T11:01:05 IST" skipped="0">
  <testcase classname="testNgpkg.Facebooklogin" name="test" time="0.335"/>
  <system-out/>
</testsuite> <!-- testNgpkg.Facebooklogin -->
