<?xml version="1.0" encoding="UTF-8"?>
<!-- Generated by org.testng.reporters.JUnitReportReporter -->
<testsuite hostname="RithikaRahul" failures="0" tests="1" name="testNgpkg.Screenshotpgm" time="0.638" errors="0" timestamp="2023-11-21T13:11:32 IST" skipped="0">
  <testcase classname="testNgpkg.Screenshotpgm" name="test" time="0.638"/>
  <system-out/>
</testsuite> <!-- testNgpkg.Screenshotpgm -->
