<?xml version="1.0" encoding="UTF-8"?>
<!-- Generated by org.testng.reporters.JUnitReportReporter -->
<testsuite hostname="RithikaRahul" failures="0" tests="3" name="testngpkg.Crossbrowsertesting" time="5.204" errors="0" timestamp="2023-11-15T20:46:44 IST" skipped="0">
  <testcase classname="testngpkg.Crossbrowsertesting" name="testup" time="1.361"/>
  <system-out/>
  <testcase classname="testngpkg.Crossbrowsertesting" name="testup" time="1.714"/>
  <system-out/>
  <testcase classname="testngpkg.Crossbrowsertesting" name="testup" time="2.129"/>
  <system-out/>
</testsuite> <!-- testngpkg.Crossbrowsertesting -->
