<?xml version="1.0" encoding="UTF-8"?>
<!-- Generated by org.testng.reporters.JUnitReportReporter -->
<testsuite hostname="RithikaRahul" failures="0" tests="2" name="testng.Automationexcerise" time="9.469" errors="0" timestamp="2023-11-20T20:37:48 IST" skipped="0">
  <testcase classname="testng.Automationexcerise" name="logintest" time="2.309"/>
  <system-out/>
  <testcase classname="testng.Automationexcerise" name="autotst" time="7.160"/>
  <system-out/>
</testsuite> <!-- testng.Automationexcerise -->
