<?xml version="1.0" encoding="UTF-8"?>
<!-- Generated by org.testng.reporters.JUnitReportReporter -->
<testsuite hostname="RithikaRahul" failures="0" tests="1" name="testng.Logocheck" time="3.019" errors="0" timestamp="2023-11-20T20:28:02 IST" skipped="0">
  <testcase classname="testng.Logocheck" name="logocheck" time="3.019"/>
  <system-out/>
</testsuite> <!-- testng.Logocheck -->
