<?xml version="1.0" encoding="UTF-8"?>
<!-- Generated by org.testng.reporters.JUnitReportReporter -->
<testsuite hostname="RithikaRahul" failures="0" tests="1" name="test.Datepicker" time="1.499" errors="0" timestamp="2023-12-03T20:15:58 IST" skipped="0">
  <testcase classname="test.Datepicker" name="datepickertest" time="1.499"/>
  <system-out/>
</testsuite> <!-- test.Datepicker -->
