<?xml version="1.0" encoding="UTF-8"?>
<!-- Generated by org.testng.reporters.JUnitReportReporter -->
<testsuite hostname="RithikaRahul" failures="0" tests="1" name="testNgpkg.Fileuploadrobot" time="4.506" errors="0" timestamp="2023-11-21T13:26:44 IST" skipped="0">
  <testcase classname="testNgpkg.Fileuploadrobot" name="test" time="4.506"/>
  <system-out/>
</testsuite> <!-- testNgpkg.Fileuploadrobot -->
