<?xml version="1.0" encoding="UTF-8"?>
<!-- Generated by org.testng.reporters.JUnitReportReporter -->
<testsuite hostname="RithikaRahul" failures="0" tests="2" name="testNgpkg.Gurudemo" time="9.573" errors="0" timestamp="2023-11-21T13:10:15 IST" skipped="0">
  <testcase classname="testNgpkg.Gurudemo" name="test2" time="6.207"/>
  <system-out/>
  <testcase classname="testNgpkg.Gurudemo" name="test1" time="3.366"/>
  <system-out/>
</testsuite> <!-- testNgpkg.Gurudemo -->
