<?xml version="1.0" encoding="UTF-8"?>
<!-- Generated by org.testng.reporters.JUnitReportReporter -->
<testsuite hostname="RithikaRahul" failures="0" tests="1" name="testngpkg.Fbloginpgm" time="0.378" errors="0" timestamp="2023-11-14T11:07:28 IST" skipped="0">
  <testcase classname="testngpkg.Fbloginpgm" name="fbtest" time="0.378"/>
  <system-out/>
</testsuite> <!-- testngpkg.Fbloginpgm -->
