<?xml version="1.0" encoding="UTF-8"?>
<!-- Generated by org.testng.reporters.JUnitReportReporter -->
<testsuite hostname="RithikaRahul" failures="0" tests="1" name="testNgpkg.Softassertionpgm" time="0.020" errors="0" timestamp="2023-11-27T11:53:34 IST" skipped="0">
  <testcase classname="testNgpkg.Softassertionpgm" name="test" time="0.020"/>
  <system-out/>
</testsuite> <!-- testNgpkg.Softassertionpgm -->
