<?xml version="1.0" encoding="UTF-8"?>
<!-- Generated by org.testng.reporters.JUnitReportReporter -->
<testsuite hostname="RithikaRahul" failures="0" tests="1" name="testng.Copyandpaste" time="0.607" errors="0" timestamp="2023-11-20T20:13:15 IST" skipped="0">
  <testcase classname="testng.Copyandpaste" name="test" time="0.607"/>
  <system-out/>
</testsuite> <!-- testng.Copyandpaste -->
